2019-05-20 19:58:49,443 [MainThread  ] [INFO ]  -------------------------------
2019-05-20 19:58:49,444 [MainThread  ] [INFO ]  starting ssh session to 10.0.10.50
2019-05-20 19:58:49,445 [MainThread  ] [INFO ]  initial configuration: server:10.0.10.50 username:mateusz ftproot:/ftproot/clients/ localroot:E:\ftproot\clients
2019-05-20 19:58:49,450 [Thread-6    ] [INFO ]  Connected (version 2.0, client OpenSSH_7.6p1)
2019-05-20 19:58:49,586 [Thread-6    ] [INFO ]  Authentication (password) successful!
2019-05-20 19:58:49,587 [MainThread  ] [INFO ]  changing directory to /ftproot/clients/
2019-05-20 19:58:49,587 [MainThread  ] [INFO ]  listing directory /ftproot/clients/
2019-05-20 19:58:50,125 [MainThread  ] [INFO ]  /ftproot/clients/testuser/production/input
2019-05-20 19:58:50,133 [Thread-8    ] [INFO ]  Connected (version 2.0, client OpenSSH_7.6p1)
2019-05-20 19:58:50,189 [Thread-8    ] [INFO ]  Authentication (password) successful!
2019-05-20 19:58:50,681 [MainThread  ] [INFO ]  [chan 0] Opened sftp connection (server version 3)
2019-05-20 19:58:56,260 [MainThread  ] [INFO ]  [chan 0] sftp session closed.
2019-05-20 19:58:56,261 [MainThread  ] [INFO ]  /ftproot/clients/testuser/production/output
2019-05-20 19:58:56,270 [Thread-97   ] [INFO ]  Connected (version 2.0, client OpenSSH_7.6p1)
2019-05-20 19:58:56,325 [Thread-97   ] [INFO ]  Authentication (password) successful!
2019-05-20 19:58:56,327 [MainThread  ] [INFO ]  /ftproot/clients/testuser/production/outputpdf
2019-05-20 19:58:56,341 [Thread-99   ] [INFO ]  Connected (version 2.0, client OpenSSH_7.6p1)
2019-05-20 19:58:56,398 [Thread-99   ] [INFO ]  Authentication (password) successful!
2019-05-20 19:58:56,399 [MainThread  ] [INFO ]  /ftproot/clients/testuser/test/input
2019-05-20 19:58:56,412 [Thread-101  ] [INFO ]  Connected (version 2.0, client OpenSSH_7.6p1)
2019-05-20 19:58:56,467 [Thread-101  ] [INFO ]  Authentication (password) successful!
2019-05-20 19:58:57,805 [MainThread  ] [INFO ]  [chan 0] Opened sftp connection (server version 3)
2019-05-20 19:58:59,024 [MainThread  ] [INFO ]  [chan 0] sftp session closed.
2019-05-20 19:58:59,025 [MainThread  ] [INFO ]  /ftproot/clients/testuser/test/output
2019-05-20 19:58:59,034 [Thread-224  ] [INFO ]  Connected (version 2.0, client OpenSSH_7.6p1)
2019-05-20 19:58:59,090 [Thread-224  ] [INFO ]  Authentication (password) successful!
2019-05-20 19:58:59,091 [MainThread  ] [INFO ]  /ftproot/clients/testuser/test/outputpdf
2019-05-20 19:58:59,132 [Thread-226  ] [INFO ]  Connected (version 2.0, client OpenSSH_7.6p1)
2019-05-20 19:58:59,191 [Thread-226  ] [INFO ]  Authentication (password) successful!
2019-05-20 19:58:59,192 [MainThread  ] [INFO ]  /ftproot/clients/testuser2/production/input
2019-05-20 19:58:59,218 [Thread-228  ] [INFO ]  Connected (version 2.0, client OpenSSH_7.6p1)
2019-05-20 19:58:59,280 [Thread-228  ] [INFO ]  Authentication (password) successful!
2019-05-20 19:59:00,591 [MainThread  ] [INFO ]  [chan 0] Opened sftp connection (server version 3)
2019-05-20 19:59:00,595 [MainThread  ] [INFO ]  [chan 0] sftp session closed.
2019-05-20 19:59:00,596 [MainThread  ] [INFO ]  /ftproot/clients/testuser2/production/output
2019-05-20 19:59:00,600 [Thread-230  ] [INFO ]  Connected (version 2.0, client OpenSSH_7.6p1)
2019-05-20 19:59:00,658 [Thread-230  ] [INFO ]  Authentication (password) successful!
2019-05-20 19:59:00,659 [MainThread  ] [INFO ]  /ftproot/clients/testuser2/production/outputpdf
2019-05-20 19:59:00,673 [Thread-232  ] [INFO ]  Connected (version 2.0, client OpenSSH_7.6p1)
2019-05-20 19:59:00,729 [Thread-232  ] [INFO ]  Authentication (password) successful!
2019-05-20 19:59:00,730 [MainThread  ] [INFO ]  /ftproot/clients/testuser2/test/input
2019-05-20 19:59:00,745 [Thread-234  ] [INFO ]  Connected (version 2.0, client OpenSSH_7.6p1)
2019-05-20 19:59:00,820 [Thread-234  ] [INFO ]  Authentication (password) successful!
2019-05-20 19:59:02,195 [MainThread  ] [INFO ]  [chan 0] Opened sftp connection (server version 3)
2019-05-20 19:59:02,198 [MainThread  ] [INFO ]  [chan 0] sftp session closed.
2019-05-20 19:59:02,199 [MainThread  ] [INFO ]  /ftproot/clients/testuser2/test/output
2019-05-20 19:59:02,206 [Thread-236  ] [INFO ]  Connected (version 2.0, client OpenSSH_7.6p1)
2019-05-20 19:59:02,261 [Thread-236  ] [INFO ]  Authentication (password) successful!
2019-05-20 19:59:02,263 [MainThread  ] [INFO ]  Check if destination folder already exist, no transfer if exist
2019-05-20 19:59:02,752 [MainThread  ] [INFO ]  [chan 0] Opened sftp connection (server version 3)
2019-05-20 19:59:02,753 [MainThread  ] [INFO ]  Creating destination folder: /ftproot/clients/testuser2/test/output/syslinux-6.04
2019-05-20 19:59:02,755 [MainThread  ] [INFO ]  [chan 0] sftp session closed.
2019-05-20 19:59:02,756 [MainThread  ] [INFO ]  /ftproot/clients/testuser2/test/outputpdf
2019-05-20 19:59:02,761 [Thread-238  ] [INFO ]  Connected (version 2.0, client OpenSSH_7.6p1)
2019-05-20 19:59:02,825 [Thread-238  ] [INFO ]  Authentication (password) successful!
2019-05-20 19:59:02,827 [MainThread  ] [INFO ]  closing ssh connection
2019-05-20 20:01:33,033 [MainThread  ] [INFO ]  -------------------------------
2019-05-20 20:01:33,034 [MainThread  ] [INFO ]  starting ssh session to 10.0.10.50
2019-05-20 20:01:33,035 [MainThread  ] [INFO ]  initial configuration: server:10.0.10.50 username:mateusz ftproot:/ftproot/clients/ localroot:E:\ftproot\clients
2019-05-20 20:01:33,040 [Thread-6    ] [INFO ]  Connected (version 2.0, client OpenSSH_7.6p1)
2019-05-20 20:01:33,175 [Thread-6    ] [INFO ]  Authentication (password) successful!
2019-05-20 20:01:33,176 [MainThread  ] [INFO ]  changing directory to /ftproot/clients/
2019-05-20 20:01:33,177 [MainThread  ] [INFO ]  listing directory /ftproot/clients/
2019-05-20 20:01:33,673 [MainThread  ] [INFO ]  /ftproot/clients/testuser/production/input
2019-05-20 20:01:33,685 [Thread-8    ] [INFO ]  Connected (version 2.0, client OpenSSH_7.6p1)
2019-05-20 20:01:33,740 [Thread-8    ] [INFO ]  Authentication (password) successful!
2019-05-20 20:01:34,235 [MainThread  ] [INFO ]  [chan 0] Opened sftp connection (server version 3)
2019-05-20 20:01:39,715 [MainThread  ] [INFO ]  [chan 0] sftp session closed.
2019-05-20 20:01:39,716 [MainThread  ] [INFO ]  /ftproot/clients/testuser/production/output
2019-05-20 20:01:39,722 [Thread-97   ] [INFO ]  Connected (version 2.0, client OpenSSH_7.6p1)
2019-05-20 20:01:39,784 [Thread-97   ] [INFO ]  Authentication (password) successful!
2019-05-20 20:01:39,787 [MainThread  ] [INFO ]  /ftproot/clients/testuser/production/outputpdf
2019-05-20 20:01:39,801 [Thread-99   ] [INFO ]  Connected (version 2.0, client OpenSSH_7.6p1)
2019-05-20 20:01:39,859 [Thread-99   ] [INFO ]  Authentication (password) successful!
2019-05-20 20:01:39,860 [MainThread  ] [INFO ]  /ftproot/clients/testuser/test/input
2019-05-20 20:01:39,871 [Thread-101  ] [INFO ]  Connected (version 2.0, client OpenSSH_7.6p1)
2019-05-20 20:01:39,932 [Thread-101  ] [INFO ]  Authentication (password) successful!
2019-05-20 20:01:41,263 [MainThread  ] [INFO ]  [chan 0] Opened sftp connection (server version 3)
2019-05-20 20:01:42,481 [MainThread  ] [INFO ]  [chan 0] sftp session closed.
2019-05-20 20:01:42,483 [MainThread  ] [INFO ]  /ftproot/clients/testuser/test/output
2019-05-20 20:01:42,491 [Thread-224  ] [INFO ]  Connected (version 2.0, client OpenSSH_7.6p1)
2019-05-20 20:01:42,544 [Thread-224  ] [INFO ]  Authentication (password) successful!
2019-05-20 20:01:42,545 [MainThread  ] [INFO ]  /ftproot/clients/testuser/test/outputpdf
2019-05-20 20:01:42,586 [Thread-226  ] [INFO ]  Connected (version 2.0, client OpenSSH_7.6p1)
2019-05-20 20:01:42,652 [Thread-226  ] [INFO ]  Authentication (password) successful!
2019-05-20 20:01:42,653 [MainThread  ] [INFO ]  /ftproot/clients/testuser2/production/input
2019-05-20 20:01:42,670 [Thread-228  ] [INFO ]  Connected (version 2.0, client OpenSSH_7.6p1)
2019-05-20 20:01:42,727 [Thread-228  ] [INFO ]  Authentication (password) successful!
2019-05-20 20:01:44,036 [MainThread  ] [INFO ]  [chan 0] Opened sftp connection (server version 3)
2019-05-20 20:01:44,040 [MainThread  ] [INFO ]  [chan 0] sftp session closed.
2019-05-20 20:01:44,041 [MainThread  ] [INFO ]  /ftproot/clients/testuser2/production/output
2019-05-20 20:01:44,047 [Thread-230  ] [INFO ]  Connected (version 2.0, client OpenSSH_7.6p1)
2019-05-20 20:01:44,107 [Thread-230  ] [INFO ]  Authentication (password) successful!
2019-05-20 20:01:44,107 [MainThread  ] [INFO ]  /ftproot/clients/testuser2/production/outputpdf
2019-05-20 20:01:44,123 [Thread-232  ] [INFO ]  Connected (version 2.0, client OpenSSH_7.6p1)
2019-05-20 20:01:44,182 [Thread-232  ] [INFO ]  Authentication (password) successful!
2019-05-20 20:01:44,183 [MainThread  ] [INFO ]  /ftproot/clients/testuser2/test/input
2019-05-20 20:01:44,188 [Thread-234  ] [INFO ]  Connected (version 2.0, client OpenSSH_7.6p1)
2019-05-20 20:01:44,249 [Thread-234  ] [INFO ]  Authentication (password) successful!
2019-05-20 20:01:45,568 [MainThread  ] [INFO ]  [chan 0] Opened sftp connection (server version 3)
2019-05-20 20:01:45,572 [MainThread  ] [INFO ]  [chan 0] sftp session closed.
2019-05-20 20:01:45,573 [MainThread  ] [INFO ]  /ftproot/clients/testuser2/test/output
2019-05-20 20:01:45,587 [Thread-236  ] [INFO ]  Connected (version 2.0, client OpenSSH_7.6p1)
2019-05-20 20:01:45,640 [Thread-236  ] [INFO ]  Authentication (password) successful!
2019-05-20 20:01:45,641 [MainThread  ] [INFO ]  Check if destination folder already exist
2019-05-20 20:01:46,132 [MainThread  ] [INFO ]  [chan 0] Opened sftp connection (server version 3)
2019-05-20 20:01:46,135 [MainThread  ] [INFO ]  Check if destination folder already exist
2019-05-20 20:01:46,154 [MainThread  ] [INFO ]  [chan 0] sftp session closed.
2019-05-20 20:01:46,155 [MainThread  ] [INFO ]  /ftproot/clients/testuser2/test/outputpdf
2019-05-20 20:01:46,161 [Thread-238  ] [INFO ]  Connected (version 2.0, client OpenSSH_7.6p1)
2019-05-20 20:01:46,216 [Thread-238  ] [INFO ]  Authentication (password) successful!
2019-05-20 20:01:46,217 [MainThread  ] [INFO ]  closing ssh connection
