2019-05-20 20:15:36,984 [MainThread  ] [INFO ]  -------------------------------
2019-05-20 20:15:36,985 [MainThread  ] [INFO ]  starting ssh session to 10.0.10.50
2019-05-20 20:15:36,986 [MainThread  ] [INFO ]  initial configuration: server:10.0.10.50 username:mateusz ftproot:/ftproot/clients/ localroot:E:\ftproot\clients
2019-05-20 20:15:36,992 [Thread-1    ] [INFO ]  Connected (version 2.0, client OpenSSH_7.6p1)
2019-05-20 20:15:37,079 [Thread-1    ] [INFO ]  Authentication (password) successful!
2019-05-20 20:15:37,080 [MainThread  ] [INFO ]  changing directory to /ftproot/clients/
2019-05-20 20:15:37,081 [MainThread  ] [INFO ]  listing directory /ftproot/clients/
2019-05-20 20:15:37,577 [MainThread  ] [INFO ]  /ftproot/clients/testuser/production/input
2019-05-20 20:15:37,585 [Thread-3    ] [INFO ]  Connected (version 2.0, client OpenSSH_7.6p1)
2019-05-20 20:15:37,636 [Thread-3    ] [INFO ]  Authentication (password) successful!
2019-05-20 20:15:38,129 [MainThread  ] [INFO ]  [chan 0] Opened sftp connection (server version 3)
2019-05-20 20:15:41,997 [MainThread  ] [INFO ]  [chan 0] sftp session closed.
2019-05-20 20:15:41,998 [MainThread  ] [INFO ]  /ftproot/clients/testuser/production/output
2019-05-20 20:15:42,003 [Thread-92   ] [INFO ]  Connected (version 2.0, client OpenSSH_7.6p1)
2019-05-20 20:15:42,062 [Thread-92   ] [INFO ]  Authentication (password) successful!
2019-05-20 20:15:42,062 [MainThread  ] [INFO ]  /ftproot/clients/testuser/production/outputpdf
2019-05-20 20:15:42,088 [Thread-94   ] [INFO ]  Connected (version 2.0, client OpenSSH_7.6p1)
2019-05-20 20:15:42,148 [Thread-94   ] [INFO ]  Authentication (password) successful!
2019-05-20 20:15:42,148 [MainThread  ] [INFO ]  /ftproot/clients/testuser/test/input
2019-05-20 20:15:42,159 [Thread-96   ] [INFO ]  Connected (version 2.0, client OpenSSH_7.6p1)
2019-05-20 20:15:42,215 [Thread-96   ] [INFO ]  Authentication (password) successful!
2019-05-20 20:15:43,534 [MainThread  ] [INFO ]  [chan 0] Opened sftp connection (server version 3)
2019-05-20 20:15:44,165 [MainThread  ] [INFO ]  [chan 0] sftp session closed.
2019-05-20 20:15:44,166 [MainThread  ] [INFO ]  /ftproot/clients/testuser/test/output
2019-05-20 20:15:44,171 [Thread-219  ] [INFO ]  Connected (version 2.0, client OpenSSH_7.6p1)
2019-05-20 20:15:44,224 [Thread-219  ] [INFO ]  Authentication (password) successful!
2019-05-20 20:15:44,224 [MainThread  ] [INFO ]  /ftproot/clients/testuser/test/outputpdf
2019-05-20 20:15:44,237 [Thread-221  ] [INFO ]  Connected (version 2.0, client OpenSSH_7.6p1)
2019-05-20 20:15:44,295 [Thread-221  ] [INFO ]  Authentication (password) successful!
2019-05-20 20:15:44,296 [MainThread  ] [INFO ]  /ftproot/clients/testuser2/production/input
2019-05-20 20:15:44,308 [Thread-223  ] [INFO ]  Connected (version 2.0, client OpenSSH_7.6p1)
2019-05-20 20:15:44,367 [Thread-223  ] [INFO ]  Authentication (password) successful!
2019-05-20 20:15:45,668 [MainThread  ] [INFO ]  [chan 0] Opened sftp connection (server version 3)
2019-05-20 20:15:45,670 [MainThread  ] [INFO ]  [chan 0] sftp session closed.
2019-05-20 20:15:45,671 [MainThread  ] [INFO ]  /ftproot/clients/testuser2/production/output
2019-05-20 20:15:45,674 [Thread-225  ] [INFO ]  Connected (version 2.0, client OpenSSH_7.6p1)
2019-05-20 20:15:45,727 [Thread-225  ] [INFO ]  Authentication (password) successful!
2019-05-20 20:15:45,728 [MainThread  ] [INFO ]  /ftproot/clients/testuser2/production/outputpdf
2019-05-20 20:15:45,740 [Thread-227  ] [INFO ]  Connected (version 2.0, client OpenSSH_7.6p1)
2019-05-20 20:15:45,800 [Thread-227  ] [INFO ]  Authentication (password) successful!
2019-05-20 20:15:45,801 [MainThread  ] [INFO ]  /ftproot/clients/testuser2/test/input
2019-05-20 20:15:45,812 [Thread-229  ] [INFO ]  Connected (version 2.0, client OpenSSH_7.6p1)
2019-05-20 20:15:45,872 [Thread-229  ] [INFO ]  Authentication (password) successful!
2019-05-20 20:15:47,192 [MainThread  ] [INFO ]  [chan 0] Opened sftp connection (server version 3)
2019-05-20 20:15:47,193 [MainThread  ] [INFO ]  [chan 0] sftp session closed.
2019-05-20 20:15:47,194 [MainThread  ] [INFO ]  /ftproot/clients/testuser2/test/output
2019-05-20 20:15:47,198 [Thread-231  ] [INFO ]  Connected (version 2.0, client OpenSSH_7.6p1)
2019-05-20 20:15:47,252 [Thread-231  ] [INFO ]  Authentication (password) successful!
2019-05-20 20:15:47,252 [MainThread  ] [INFO ]  Check if destination folder already exist
2019-05-20 20:15:47,748 [MainThread  ] [INFO ]  [chan 0] Opened sftp connection (server version 3)
2019-05-20 20:15:47,749 [MainThread  ] [INFO ]  Check if destination folder already exist
2019-05-20 20:15:47,768 [MainThread  ] [INFO ]  [chan 0] sftp session closed.
2019-05-20 20:15:47,769 [MainThread  ] [INFO ]  /ftproot/clients/testuser2/test/outputpdf
2019-05-20 20:15:47,778 [Thread-233  ] [INFO ]  Connected (version 2.0, client OpenSSH_7.6p1)
2019-05-20 20:15:47,832 [Thread-233  ] [INFO ]  Authentication (password) successful!
2019-05-20 20:15:47,832 [MainThread  ] [INFO ]  closing ssh connection
